<?xml version="1.0" encoding="UTF-8"?>
<!-- Generated by org.testng.reporters.JUnitXMLReporter -->
<testsuite ignored="0" hostname="SHRAVZ-2M0VB4D" failures="0" tests="8" name="Test" time="112.083" errors="0" timestamp="2023-07-05T18:51:13 IST">
  <testcase classname="com.IPT.GIT.NYKAA.NykaaTestNGRunner" name="loginSearch" time="39.386"/>
  <testcase classname="com.IPT.GIT.NYKAA.NykaaTestNGRunner" name="addBag" time="18.728"/>
  <testcase classname="com.IPT.GIT.NYKAA.NykaaTestNGRunner" name="goBag" time="20.512"/>
  <testcase classname="com.IPT.GIT.NYKAA.NykaaTestNGRunner" name="address" time="0.378"/>
  <testcase classname="com.IPT.GIT.NYKAA.NykaaTestNGRunner" name="payment" time="6.74"/>
  <testcase classname="com.IPT.GIT.NYKAA.NykaaTestNGRunner" name="picture" time="14.315"/>
  <testcase classname="com.IPT.GIT.NYKAA.NykaaTestNGRunner" name="clear" time="5.242"/>
  <testcase classname="com.IPT.GIT.NYKAA.NykaaTestNGRunner" name="signout" time="6.277"/>
</testsuite> <!-- Test -->
